<?xml version="1.0" encoding="UTF-8"?>
<!-- Generated by org.testng.reporters.JUnitXMLReporter -->
<testsuite ignored="1" hostname="LAPTOP-KB2C97AC" failures="0" tests="1" name="Default test" time="0.048" errors="0" timestamp="2021-01-25T22:41:41 MST">
  <testcase classname="QAAcademy.MavenJava.SeleniumTest" name="elementsUi" time="0.011"/>
  <testcase classname="QAAcademy.MavenJava.SeleniumTest" name="BrowserAUtomation" time="0.0">
    <ignored/>
  </testcase> <!-- BrowserAUtomation -->
</testsuite> <!-- Default test -->
