<?xml version="1.0" encoding="UTF-8"?>
<!-- Generated by org.testng.reporters.JUnitXMLReporter -->
<testsuite ignored="0" hostname="LAPTOP-KB2C97AC" failures="0" tests="6" name="Test" time="0.034" errors="0" timestamp="2021-01-14T14:26:46 MST">
  <testcase classname="QAAcademy.MavenJava.SeleniumTest" name="BrowserAUtomation" time="0.003"/>
  <testcase classname="QAAcademy.MavenJava.SeleniumTest" name="elementsUi" time="0.0"/>
  <testcase classname="QAAcademy.MavenJava.RestApITest" name="deleteTwitter" time="0.0"/>
  <testcase classname="QAAcademy.MavenJava.RestApITest" name="postJira" time="0.0"/>
  <testcase classname="QAAcademy.MavenJava.AppiumTest" name="IOSApps" time="0.0"/>
  <testcase classname="QAAcademy.MavenJava.AppiumTest" name="NativeAPpAndroid" time="0.0"/>
</testsuite> <!-- Test -->
