<?xml version="1.0" encoding="UTF-8"?>
<testng-results ignored="1" total="2" passed="1" failed="0" skipped="0">
  <reporter-output>
  </reporter-output>
  <suite started-at="2021-01-25T22:41:41 MST" name="Default suite" finished-at="2021-01-25T22:41:41 MST" duration-ms="48">
    <groups>
    </groups>
    <test started-at="2021-01-25T22:41:41 MST" name="Default test" finished-at="2021-01-25T22:41:41 MST" duration-ms="48">
      <class name="QAAcademy.MavenJava.SeleniumTest">
        <test-method signature="elementsUi()[pri:0, instance:QAAcademy.MavenJava.SeleniumTest@4de4b452]" started-at="2021-01-25T22:41:41 MST" name="elementsUi" finished-at="2021-01-25T22:41:41 MST" duration-ms="11" status="PASS">
          <reporter-output>
          </reporter-output>
        </test-method> <!-- elementsUi -->
      </class> <!-- QAAcademy.MavenJava.SeleniumTest -->
    </test> <!-- Default test -->
  </suite> <!-- Default suite -->
</testng-results>
